error: join of a non-constant path
  --> $DIR/with_use.rs:14:17
   |
LL |     let _ = dir.join(path);
   |                 ^^^^^^^^^^
   |
   = note: `-D safe-join-opportunity` implied by `-D warnings`
help: adjust the surrounding code so that this can be changed to `safe_join(path)?`
  --> $DIR/with_use.rs:14:17
   |
LL |     let _ = dir.join(path);
   |                 ^^^^

error: this call to `safe_join` will return an error if the receiver is not `/`
  --> $DIR/with_use.rs:20:17
   |
LL |     let _ = dir.safe_join("/");
   |                 ^^^^^^^^^^^^^^
   |
   = note: `-D safe-join-misapplication` implied by `-D warnings`
help: if such behavior is not intended, change this to `join`
  --> $DIR/with_use.rs:20:17
   |
LL |     let _ = dir.safe_join("/");
   |                 ^^^^^^^^^

error: this call to `safe_join` will return an error if the receiver is not `/`
  --> $DIR/with_use.rs:22:17
   |
LL |     let _ = dir.safe_join("..");
   |                 ^^^^^^^^^^^^^^^
   |
help: if such behavior is not intended, change this to `join`
  --> $DIR/with_use.rs:22:17
   |
LL |     let _ = dir.safe_join("..");
   |                 ^^^^^^^^^

error: this call to `safe_join` will return an error if the receiver is not `/`
  --> $DIR/with_use.rs:25:17
   |
LL |     let _ = dir.safe_join(ROOT_DIR);
   |                 ^^^^^^^^^^^^^^^^^^^
   |
help: if such behavior is not intended, change this to `join`
  --> $DIR/with_use.rs:25:17
   |
LL |     let _ = dir.safe_join(ROOT_DIR);
   |                 ^^^^^^^^^

error: this call to `safe_join` will return an error if the receiver is not `/`
  --> $DIR/with_use.rs:27:17
   |
LL |     let _ = dir.safe_join(PARENT_DIR);
   |                 ^^^^^^^^^^^^^^^^^^^^^
   |
help: if such behavior is not intended, change this to `join`
  --> $DIR/with_use.rs:27:17
   |
LL |     let _ = dir.safe_join(PARENT_DIR);
   |                 ^^^^^^^^^

error: join of a non-constant path
  --> $DIR/with_use.rs:35:12
   |
LL |     Ok(dir.join(path).to_path_buf())
   |            ^^^^^^^^^^
   |
   = help: change this to `safe_join(path)?`

error: join of a non-constant path
  --> $DIR/with_use.rs:42:12
   |
LL |     Ok(dir.join(path).to_path_buf())
   |            ^^^^^^^^^^
   |
help: adjust the surrounding code so that this can be changed to `safe_join(path)?`
  --> $DIR/with_use.rs:42:12
   |
LL |     Ok(dir.join(path).to_path_buf())
   |            ^^^^

error: aborting due to 7 previous errors

